{"level":"info","message":"19/Feb/2022:09:44:34 +0000 GRAPHQL query($provinceId:ID!$districtId:ID!){getProvince{id name createdAt}getDistrict(provinceId:$provinceId){id name}getWard(districtId:$districtId){id name}} - 200 - 5.441 ms\n"}
{"level":"error"}
[2022-02-19 16:47:57][[32minfo[39m] 19/Feb/2022:09:47:57 +0000 GRAPHQL query($provinceId:ID!$districtId:ID!){getProvince{id name createdAt}getDistrict(provinceId:$provinceId){id name}getWard(districtId:$districtId){id name}} - 200 - 16.006 ms

[2022-02-19 16:50:54][[32minfo[39m] GRAPHQL query{getProvince{id name}} - 200 - 16.234 ms

[2022-02-19 17:11:49][[32minfo[39m] GRAPHQL query{getProvince{id name}} - 200 - 81.739 ms

[2022-02-19 17:11:50][[32minfo[39m] GRAPHQL query{getProvince{id name}} - 200 - 59.274 ms

[2022-02-19 17:12:25][[32minfo[39m] GRAPHQL query{getProvince{id name}} - 200 - 420.592 ms

[2022-02-19 17:13:36][[32minfo[39m] GRAPHQL query{getProvince{id name}} - 200 - 69.934 ms

[2022-02-19 17:13:36][[32minfo[39m] GRAPHQL query{getProvince{id name}} - 200 - 62.569 ms

[2022-02-19 17:13:37][[32minfo[39m] GRAPHQL query{getProvince{id name}} - 200 - 63.185 ms

[2022-02-19 17:13:38][[32minfo[39m] GRAPHQL query{getProvince{id name}} - 200 - 60.951 ms

[2022-02-19 17:13:38][[32minfo[39m] GRAPHQL query{getProvince{id name}} - 200 - 62.893 ms

[2022-02-19 17:13:39][[32minfo[39m] GRAPHQL query{getProvince{id name}} - 200 - 61.580 ms

[2022-02-19 17:13:39][[32minfo[39m] GRAPHQL query{getProvince{id name}} - 200 - 60.973 ms

[2022-02-19 17:14:02][[32minfo[39m] GRAPHQL query{getProvince{id name}} - 200 - 59.214 ms

[2022-02-19 17:14:03][[32minfo[39m] GRAPHQL query{getProvince{id name}} - 200 - 50.195 ms

[2022-02-19 17:14:03][[32minfo[39m] GRAPHQL query{getProvince{id name}} - 200 - 49.432 ms

[2022-02-19 17:14:23][[32minfo[39m] GRAPHQL query{getProvince{id name}} - 200 - 100.175 ms

[2022-02-19 17:15:40][[32minfo[39m] GRAPHQL query($getDistrictProvinceId2:ID!){getDistrict(provinceId:$getDistrictProvinceId2){id name}} - 400 - 37.209 ms

[2022-02-19 17:15:47][[32minfo[39m] GRAPHQL query($getDistrictProvinceId2:ID!){getDistrict(provinceId:$getDistrictProvinceId2){id name}} - 400 - 1.381 ms

[2022-02-19 17:16:08][[32minfo[39m] GRAPHQL query($getDistrictProvinceId2:ID!){getDistrict(provinceId:$getDistrictProvinceId2){id name}} - 400 - 26.101 ms

[2022-02-19 17:16:42][[32minfo[39m] GRAPHQL query($provinceId:String!){getDistrict(provinceId:$provinceId){id name}} - 200 - 65.453 ms

[2022-02-19 17:17:19][[32minfo[39m] GRAPHQL query($provinceId:String!){getDistrict(provinceId:$provinceId){id name}} - 200 - 69.425 ms

[2022-02-19 17:17:20][[32minfo[39m] GRAPHQL query($provinceId:String!){getDistrict(provinceId:$provinceId){id name}} - 200 - 51.572 ms

[2022-02-19 17:17:34][[32minfo[39m] GRAPHQL query($provinceId:String!){getDistrict(provinceId:$provinceId){id name}} - 200 - 59.604 ms

[2022-02-19 17:17:35][[32minfo[39m] GRAPHQL query($provinceId:String!){getDistrict(provinceId:$provinceId){id name}} - 200 - 56.015 ms

[2022-02-19 17:18:14][[32minfo[39m] GRAPHQL query($provinceId:String!){getDistrict(provinceId:$provinceId){id name}} - 200 - 809.698 ms

[2022-02-19 17:20:01][[32minfo[39m] GRAPHQL query($provinceId:String!){getDistrict(provinceId:$provinceId){id name}} - 200 - 85.190 ms

[2022-02-19 17:20:03][[32minfo[39m] GRAPHQL query($provinceId:String!){getDistrict(provinceId:$provinceId){id name}} - 200 - 67.474 ms

[2022-02-19 17:20:43][[32minfo[39m] GRAPHQL query($provinceId:String!){getDistrict(provinceId:$provinceId){id name}} - 200 - 77.364 ms

[2022-02-19 17:21:08][[32minfo[39m] GRAPHQL query($provinceId:String!){getDistrict(provinceId:$provinceId){id name}} - 200 - 58.408 ms

[2022-02-19 17:21:09][[32minfo[39m] GRAPHQL query($provinceId:String!){getDistrict(provinceId:$provinceId){id name}} - 200 - 48.897 ms

[2022-02-19 17:22:00][[32minfo[39m] GRAPHQL query($provinceId:String!){getDistrict(provinceId:$provinceId){id name}} - 200 - 70.340 ms

[2022-02-19 17:22:01][[32minfo[39m] GRAPHQL query($provinceId:String!){getDistrict(provinceId:$provinceId){id name}} - 200 - 58.167 ms

[2022-02-19 17:22:02][[32minfo[39m] GRAPHQL query($provinceId:String!){getDistrict(provinceId:$provinceId){id name}} - 200 - 57.909 ms

[2022-02-19 17:22:22][[32minfo[39m] GRAPHQL query($provinceId:String!){getDistrict(provinceId:$provinceId){id name}} - 200 - 72.292 ms

[2022-02-19 17:22:50][[32minfo[39m] GRAPHQL query($provinceId:String!){getDistrict(provinceId:$provinceId){id name}} - 200 - 894.969 ms

[2022-02-19 17:22:52][[32minfo[39m] GRAPHQL query($provinceId:String!){getDistrict(provinceId:$provinceId){id name}} - 200 - 61.499 ms

[2022-02-19 17:22:52][[32minfo[39m] GRAPHQL query($provinceId:String!){getDistrict(provinceId:$provinceId){id name}} - 200 - 58.954 ms

[2022-02-19 17:23:16][[32minfo[39m] GRAPHQL query($provinceId:String!){getDistrict(provinceId:$provinceId){id name}} - 200 - 77.742 ms

[2022-02-19 17:23:35][[32minfo[39m] GRAPHQL query($provinceId:String!){getDistrict(provinceId:$provinceId){id name}} - 200 - 680.568 ms

[2022-02-19 17:24:30][[32minfo[39m] GRAPHQL query($districtId:String!){getWard(districtId:$districtId){id name}} - 200 - 58.473 ms

[2022-02-26 00:33:17][[32minfo[39m] GRAPHQL query GetProvince{getProvince{id name view}} - 400 - 6.312 ms

[2022-02-26 00:36:46][[32minfo[39m] GRAPHQL query GetProvince{getProvince{id name view}} - 200 - 75.675 ms

[2022-02-26 00:38:13][[32minfo[39m] Redis connected
[2022-02-26 00:39:31][[32minfo[39m] getProvince from db
[2022-02-26 00:39:31][[32minfo[39m] GRAPHQL query GetProvince{getProvince{id name view}} - 200 - 88.498 ms

[2022-02-26 00:39:32][[32minfo[39m] GRAPHQL query GetProvince{getProvince{id name view}} - 200 - 70.299 ms

[2022-02-26 00:40:06][[32minfo[39m] getProvince from db
[2022-02-26 00:40:06][[32minfo[39m] GRAPHQL query GetProvince{getProvince{id name view}} - 200 - 65.057 ms

[2022-02-26 00:40:06][[32minfo[39m] GRAPHQL query GetProvince{getProvince{id name view}} - 200 - 13.358 ms

[2022-02-26 00:41:05][[32minfo[39m] Redis connected
[2022-02-26 00:41:15][[32minfo[39m] getProvince from db
[2022-02-26 00:41:16][[32minfo[39m] GRAPHQL query GetProvince{getProvince{id name view}} - 200 - 80.418 ms

[2022-02-26 00:41:16][[32minfo[39m] GRAPHQL query GetProvince{getProvince{id name view}} - 200 - 20.533 ms

[2022-02-26 00:41:18][[32minfo[39m] GRAPHQL query GetProvince{getProvince{id name view}} - 200 - 12.720 ms

[2022-02-26 00:41:19][[32minfo[39m] GRAPHQL query GetProvince{getProvince{id name view}} - 200 - 15.816 ms

[2022-02-26 00:41:58][[32minfo[39m] getProvince from db
[2022-02-26 00:41:58][[32minfo[39m] GRAPHQL query GetProvince{getProvince{id name view}} - 200 - 76.806 ms

[2022-02-26 00:41:58][[32minfo[39m] GRAPHQL query GetProvince{getProvince{id name view}} - 200 - 13.211 ms

[2022-02-26 00:43:07][[32minfo[39m] getProvince from db
[2022-02-26 00:43:07][[32minfo[39m] GRAPHQL query GetProvince{getProvince{id name view}} - 200 - 96.242 ms

[2022-02-26 00:43:07][[32minfo[39m] GRAPHQL query GetProvince{getProvince{id name view}} - 200 - 20.694 ms

[2022-02-26 00:52:48][[32minfo[39m] Redis connected
[2022-02-26 00:52:57][[32minfo[39m] getProvince from db
[2022-02-26 00:52:57][[32minfo[39m] GRAPHQL query GetProvince{getProvince{id name view}} - 200 - 84.169 ms

[2022-02-26 00:52:59][[32minfo[39m] GRAPHQL query GetProvince{getProvince{id name view}} - 200 - 15.567 ms

[2022-02-26 00:53:15][[32minfo[39m] Redis connected
[2022-02-26 00:58:09][[32minfo[39m] Redis connected
[2022-02-26 00:58:49][[32minfo[39m] Redis connected
[2022-02-26 00:59:13][[32minfo[39m] Redis connected
[2022-02-26 00:59:52][[32minfo[39m] Redis connected
[2022-02-26 01:00:27][[32minfo[39m] Redis connected
[2022-02-26 01:01:25][[32minfo[39m] Redis connected
[2022-02-26 01:03:32][[32minfo[39m] Redis connected
[2022-02-26 01:06:16][[32minfo[39m] getProvince from db
[2022-02-26 01:06:16][[32minfo[39m] GRAPHQL query GetProvince{getProvince{id name view}} - 200 - 89.737 ms

[2022-02-26 01:06:17][[32minfo[39m] GRAPHQL query GetProvince{getProvince{id name view}} - 200 - 20.565 ms

[2022-02-26 01:08:38][[32minfo[39m] getProvince from db
[2022-02-26 01:08:39][[32minfo[39m] GRAPHQL query GetProvince{getProvince{id name view}} - 200 - 96.502 ms

[2022-02-26 01:08:40][[32minfo[39m] GRAPHQL query GetProvince{getProvince{id name view}} - 200 - 15.206 ms

[2022-02-26 08:35:00][[32minfo[39m] Redis connected
[2022-02-26 08:35:06][[31merror[39m] Redis connection failed Connection timeout
Error: Connection timeout
    at Socket.<anonymous> (E:\node\code\it-house-tutorial\node_modules\@node-redis\client\dist\lib\client\socket.js:169:124)
    at Object.onceWrapper (node:events:513:28)
    at Socket.emit (node:events:394:28)
[2022-02-26 08:36:45][[32minfo[39m] Redis connected
[2022-02-26 08:37:14][[32minfo[39m] Redis connected
[2022-02-26 08:37:33][[32minfo[39m] Redis connected
[2022-02-26 08:38:30][[32minfo[39m] Redis connected
[2022-02-26 08:38:38][[32minfo[39m] Redis connected
[2022-02-26 08:39:13][[32minfo[39m] Redis connected
[2022-02-26 08:41:11][[32minfo[39m] Redis connected
[2022-02-26 08:41:15][[32minfo[39m] Redis connected
[2022-02-26 09:07:21][[32minfo[39m] Redis connected
[2022-02-26 09:07:40][[32minfo[39m] Redis connected
[2022-02-26 09:08:35][[32minfo[39m] Redis connected
[2022-02-26 09:09:04][[32minfo[39m] Redis connected
[2022-02-26 09:09:23][[32minfo[39m] Redis connected
[2022-02-26 09:09:44][[32minfo[39m] Redis connected
[2022-02-26 09:10:06][[32minfo[39m] Redis connected
[2022-02-26 09:10:51][[32minfo[39m] Redis connected
[2022-02-26 09:15:10][[32minfo[39m] Redis connected
[2022-02-26 09:19:45][[32minfo[39m] Redis connected
[2022-02-26 09:25:23][[32minfo[39m] Redis connected
[2022-02-26 09:25:41][[32minfo[39m] Redis connected
[2022-02-26 09:44:39][[32minfo[39m] Redis connected
[2022-02-26 09:44:51][[32minfo[39m] Redis connected
[2022-02-26 09:45:09][[32minfo[39m] Redis connected
[2022-02-26 09:46:25][[32minfo[39m] Redis connected
[2022-02-26 10:10:20][[32minfo[39m] Redis connected
[2022-02-26 10:18:17][[32minfo[39m] Redis connected
[2022-02-26 10:42:50][[32minfo[39m] Redis connected
[2022-02-26 10:43:46][[32minfo[39m] Redis connected
[2022-02-26 10:44:14][[32minfo[39m] Redis connected
[2022-02-26 10:44:29][[32minfo[39m] Redis connected
[2022-02-26 13:56:34][[32minfo[39m] Redis connected
[2022-02-26 14:06:16][[32minfo[39m] Redis connected
[2022-02-26 14:07:25][[32minfo[39m] Redis connected
[2022-02-26 14:14:32][[32minfo[39m] Redis connected
[2022-02-26 14:14:42][[32minfo[39m] Redis connected
[2022-02-26 14:15:24][[32minfo[39m] Redis connected
[2022-02-26 14:17:34][[32minfo[39m] Redis connected
[2022-02-26 14:19:02][[32minfo[39m] Redis connected
[2022-02-26 14:26:51][[32minfo[39m] Redis connected
[2022-02-26 14:27:12][[32minfo[39m] Redis connected
[2022-02-26 14:29:16][[32minfo[39m] Redis connected
[2022-02-26 14:32:19][[32minfo[39m] Redis connected
[2022-02-26 14:33:15][[32minfo[39m] Redis connected
[2022-02-26 14:33:55][[32minfo[39m] Redis connected
[2022-02-26 14:34:13][[32minfo[39m] Redis connected
[2022-02-26 14:34:29][[32minfo[39m] Redis connected
[2022-02-26 14:34:56][[32minfo[39m] Redis connected
[2022-02-26 14:34:57][[32minfo[39m] Mongoose connected
[2022-02-26 14:38:02][[32minfo[39m] Redis connected
[2022-02-26 14:38:45][[32minfo[39m] Redis connected
[2022-02-26 14:38:46][[32minfo[39m] Mongoose connected
[2022-02-26 14:43:04][[32minfo[39m] GRAPHQL mutation{createUser(data:{username:"hieuTran" name:"hieu" email:"dacvuips@gmail.com" phone:"03777733100" role:"Admin"}){id name}} - 400 - 390.613 ms

[2022-02-26 14:43:32][[32minfo[39m] GRAPHQL mutation{createUser(data:{password:"123456" username:"hieuTran" name:"hieu" email:"dacvuips@gmail.com" phone:"03777733100" role:"Admin"}){id name}} - 200 - 71.477 ms

[2022-02-26 14:43:53][[32minfo[39m] GRAPHQL mutation{createUser(data:{password:"123456" username:"hieuTran" name:"hieu" email:"dacvuips@gmail.com" phone:"03777733100" role:"ADMIN"}){id name}} - 200 - 94.298 ms

[2022-02-26 14:45:08][[32minfo[39m] GRAPHQL query{getAllUser{id name}} - 200 - 49.986 ms

[2022-02-26 14:45:35][[32minfo[39m] GRAPHQL mutation{createUser(data:{password:"123456" username:"hieuTran" name:"hieu" email:"dacvuips@gmail.com" phone:"03777733100" role:"ADMIN"}){id name}} - 200 - 46.726 ms

[2022-02-26 14:45:48][[32minfo[39m] GRAPHQL mutation{createUser(data:{password:"123456" username:"hieuTrantest" name:"hieu" email:"dacvuips@gmail.com" phone:"03777733100" role:"ADMIN"}){id name}} - 200 - 105.271 ms

[2022-02-26 14:45:51][[32minfo[39m] GRAPHQL query{getAllUser{id name}} - 200 - 40.251 ms

[2022-02-26 14:46:11][[32minfo[39m] GRAPHQL query{getAllUser{id name username}} - 200 - 45.902 ms

[2022-02-26 14:48:56][[32minfo[39m] GRAPHQL query{getOneUser(id:"6219da39c986d70d27be1ec3"){id username}} - 400 - 6.118 ms

[2022-02-26 14:49:21][[32minfo[39m] GRAPHQL query{getOneUser(id:"6219da39c986d70d27be1ec3"){id username}} - 400 - 3.689 ms

[2022-02-26 14:50:31][[32minfo[39m] Redis connected
[2022-02-26 14:50:31][[32minfo[39m] Mongoose connected
[2022-02-26 14:50:33][[32minfo[39m] GRAPHQL query{getOneUser(id:"6219da39c986d70d27be1ec3"){id username}} - 200 - 84.739 ms

[2022-02-26 14:50:46][[32minfo[39m] GRAPHQL query{getAllUser{id name username}} - 200 - 51.035 ms

[2022-02-26 14:50:47][[32minfo[39m] GRAPHQL query{getAllUser{id name username}} - 200 - 63.772 ms

[2022-02-26 14:50:47][[32minfo[39m] GRAPHQL query{getAllUser{id name username}} - 200 - 44.431 ms

[2022-02-26 14:50:56][[32minfo[39m] GRAPHQL query{getOneUser(id:"6219da39c986d70d27be1ec3"){id username}} - 200 - 47.549 ms

[2022-02-26 14:50:57][[32minfo[39m] GRAPHQL query{getOneUser(id:"6219da39c986d70d27be1ec3"){id username}} - 200 - 45.850 ms

[2022-02-26 14:50:57][[32minfo[39m] GRAPHQL query{getOneUser(id:"6219da39c986d70d27be1ec3"){id username}} - 200 - 43.415 ms

[2022-02-26 14:50:58][[32minfo[39m] GRAPHQL query{getOneUser(id:"6219da39c986d70d27be1ec3"){id username}} - 200 - 45.430 ms

[2022-02-26 14:51:26][[32minfo[39m] GRAPHQL query{getOneUser(id:"6219da39c986d70d27be1ec3"){id username}} - 200 - 46.537 ms

[2022-02-26 14:52:05][[32minfo[39m] GRAPHQL query{getOneUser(id:"6219daacc986d70d27be1ec8"){id username}} - 200 - 47.927 ms

[2022-02-26 14:52:06][[32minfo[39m] GRAPHQL query{getOneUser(id:"6219daacc986d70d27be1ec8"){id username}} - 200 - 53.892 ms

[2022-02-26 14:52:06][[32minfo[39m] GRAPHQL query{getOneUser(id:"6219daacc986d70d27be1ec8"){id username}} - 200 - 46.359 ms

[2022-02-26 14:52:06][[32minfo[39m] GRAPHQL query{getOneUser(id:"6219daacc986d70d27be1ec8"){id username}} - 200 - 68.016 ms

[2022-02-26 14:52:06][[32minfo[39m] GRAPHQL query{getOneUser(id:"6219daacc986d70d27be1ec8"){id username}} - 200 - 64.835 ms

[2022-02-26 14:52:06][[32minfo[39m] GRAPHQL query{getOneUser(id:"6219daacc986d70d27be1ec8"){id username}} - 200 - 51.096 ms

[2022-02-26 14:52:07][[32minfo[39m] GRAPHQL query{getOneUser(id:"6219daacc986d70d27be1ec8"){id username}} - 200 - 48.547 ms

[2022-02-26 14:53:31][[32minfo[39m] Redis connected
[2022-02-26 14:53:32][[32minfo[39m] Mongoose connected
[2022-02-26 14:53:33][[32minfo[39m] GRAPHQL query{getOneUser(id:"6219daacc986d70d27be1ec8"){id username}} - 200 - 69.601 ms

[2022-02-26 15:02:25][[32minfo[39m] Redis connected
[2022-02-26 15:03:22][[32minfo[39m] Redis connected
[2022-02-26 15:03:53][[32minfo[39m] Redis connected
[2022-02-26 15:08:04][[32minfo[39m] Redis connected
[2022-02-26 15:10:07][[32minfo[39m] Redis connected
[2022-02-26 15:10:08][[32minfo[39m] Mongoose connected
[2022-02-26 15:22:13][[32minfo[39m] Redis connected
[2022-02-26 15:22:14][[32minfo[39m] Mongoose connected
[2022-02-26 23:12:18][[32minfo[39m] Redis connected
[2022-02-26 23:12:19][[32minfo[39m] Mongoose connected
[2022-02-26 23:23:18][[32minfo[39m] GRAPHQL query{getAllUser{data{id username}pagination{total limit}}} - 200 - 364.228 ms

[2022-02-26 23:23:53][[32minfo[39m] GRAPHQL query{getAllUser{data{id username}pagination{total page}}} - 200 - 4.410 ms

[2022-02-26 23:26:06][[32minfo[39m] GRAPHQL query{getAllUser{data{id username}pagination{total page}}} - 200 - 2.469 ms

[2022-02-26 23:26:33][[32minfo[39m] GRAPHQL query{getAllUser{data{id username}pagination{total page}}} - 200 - 1.932 ms

[2022-02-26 23:28:44][[32minfo[39m] GRAPHQL query{getAllUser{data{id username}pagination{total page limit}}} - 200 - 4.094 ms

[2022-02-26 23:28:45][[32minfo[39m] GRAPHQL query{getAllUser{data{id username}pagination{total page limit}}} - 200 - 1.872 ms

[2022-02-26 23:28:45][[32minfo[39m] GRAPHQL query{getAllUser{data{id username}pagination{total page limit}}} - 200 - 1.827 ms

[2022-02-26 23:28:46][[32minfo[39m] GRAPHQL query{getAllUser{data{id username}pagination{total page limit}}} - 200 - 1.792 ms

[2022-02-26 23:30:06][[32minfo[39m] Redis connected
[2022-02-26 23:30:07][[32minfo[39m] Mongoose connected
[2022-02-26 23:30:11][[32minfo[39m] GRAPHQL query{getAllUser{data{id username}pagination{total page limit}}} - 200 - 27.992 ms

[2022-02-26 23:30:12][[32minfo[39m] GRAPHQL query{getAllUser{data{id username}pagination{total page limit}}} - 200 - 2.121 ms

[2022-02-26 23:30:13][[32minfo[39m] GRAPHQL query{getAllUser{data{id username}pagination{total page limit}}} - 200 - 2.359 ms

[2022-02-26 23:32:41][[32minfo[39m] Redis connected
[2022-02-26 23:32:42][[32minfo[39m] Mongoose connected
[2022-02-26 23:33:23][[32minfo[39m] Redis connected
[2022-02-26 23:33:24][[32minfo[39m] Mongoose connected
[2022-02-26 23:33:25][[32minfo[39m] GRAPHQL query{getAllUser{data{id username}pagination{total page limit}}} - 200 - 24.657 ms

[2022-02-26 23:33:27][[32minfo[39m] GRAPHQL query{getAllUser{data{id username}pagination{total page limit}}} - 200 - 2.374 ms

[2022-02-26 23:33:28][[32minfo[39m] GRAPHQL query{getAllUser{data{id username}pagination{total page limit}}} - 200 - 1.995 ms

[2022-02-26 23:36:57][[32minfo[39m] Redis connected
[2022-02-26 23:36:58][[32minfo[39m] Mongoose connected
[2022-02-26 23:37:02][[32minfo[39m] GRAPHQL query{getAllUser{data{id username}pagination{total page limit}}} - 200 - 40.725 ms

[2022-02-26 23:37:03][[32minfo[39m] GRAPHQL query{getAllUser{data{id username}pagination{total page limit}}} - 200 - 2.602 ms

[2022-02-26 23:37:05][[32minfo[39m] GRAPHQL query{getAllUser{data{id username}pagination{total page limit}}} - 200 - 2.258 ms

[2022-02-26 23:37:17][[32minfo[39m] GRAPHQL query{getAllUser{data{id username name}pagination{total page limit}}} - 200 - 3.734 ms

[2022-02-26 23:37:18][[32minfo[39m] GRAPHQL query{getAllUser{data{id username name}pagination{total page limit}}} - 200 - 1.644 ms

[2022-02-26 23:37:19][[32minfo[39m] GRAPHQL query{getAllUser{data{id username name}pagination{total page limit}}} - 200 - 3.507 ms

[2022-02-26 23:37:29][[32minfo[39m] GRAPHQL query($q:QueryInput){getAllUser(q:$q){data{id username name}pagination{total page limit}}} - 200 - 174.246 ms

[2022-02-26 23:38:01][[32minfo[39m] GRAPHQL query($q:QueryInput){getAllUser(q:$q){data{id username name}pagination{total page limit}}} - 200 - 47.575 ms

[2022-02-26 23:38:03][[32minfo[39m] GRAPHQL query($q:QueryInput){getAllUser(q:$q){data{id username name}pagination{total page limit}}} - 200 - 48.283 ms

[2022-02-26 23:38:07][[32minfo[39m] GRAPHQL query($q:QueryInput){getAllUser(q:$q){data{id username name}pagination{total page limit}}} - 200 - 145.487 ms

[2022-02-26 23:38:10][[32minfo[39m] GRAPHQL query($q:QueryInput){getAllUser(q:$q){data{id username name}pagination{total page limit}}} - 200 - 49.098 ms

[2022-02-27 00:55:00][[32minfo[39m] Redis connected
[2022-02-27 00:55:00][[32minfo[39m] Mongoose connected
[2022-02-27 01:01:32][[32minfo[39m] Redis connected
[2022-02-27 01:01:32][[32minfo[39m] Mongoose connected
[2022-02-27 01:26:14][[32minfo[39m] Redis connected
[2022-02-27 01:26:15][[32minfo[39m] Mongoose connected
[2022-02-27 07:23:00][[32minfo[39m] Mongoose connected
[2022-02-27 09:07:25][[32minfo[39m] Mongoose connected
[2022-02-27 09:08:26][[32minfo[39m] Mongoose connected
[2022-02-27 09:46:42][[32minfo[39m] Redis connected
[2022-02-27 09:46:44][[32minfo[39m] Mongoose connected
[2022-02-27 09:47:56][[32minfo[39m] Redis connected
[2022-02-27 09:47:56][[32minfo[39m] Mongoose connected
[2022-02-27 09:48:12][[32minfo[39m] Redis connected
[2022-02-27 09:48:13][[32minfo[39m] Mongoose connected
[2022-02-27 09:50:34][[32minfo[39m] Redis connected
[2022-02-27 09:50:35][[32minfo[39m] Mongoose connected
[2022-02-27 09:51:29][[32minfo[39m] Redis connected
[2022-02-27 09:51:29][[32minfo[39m] Mongoose connected
[2022-02-27 09:52:54][[32minfo[39m] Redis connected
[2022-02-27 09:52:55][[32minfo[39m] Mongoose connected
[2022-02-27 09:54:42][[32minfo[39m] Redis connected
[2022-02-27 09:54:43][[32minfo[39m] Mongoose connected
[2022-02-27 09:57:59][[32minfo[39m] Redis connected
[2022-02-27 09:57:59][[32minfo[39m] Mongoose connected
[2022-02-27 09:58:35][[32minfo[39m] Redis connected
[2022-02-27 09:58:36][[32minfo[39m] Mongoose connected
[2022-02-27 09:59:04][[32minfo[39m] Redis connected
[2022-02-27 09:59:04][[32minfo[39m] Mongoose connected
[2022-02-27 10:00:13][[32minfo[39m] Redis connected
[2022-02-27 10:00:14][[32minfo[39m] Mongoose connected
[2022-02-27 10:07:45][[32minfo[39m] Redis connected
[2022-02-27 10:07:46][[32minfo[39m] Mongoose connected
[2022-02-27 10:10:14][[32minfo[39m] Redis connected
[2022-02-27 10:10:14][[32minfo[39m] Mongoose connected
[2022-02-27 10:14:17][[32minfo[39m] Redis connected
[2022-02-27 10:14:18][[32minfo[39m] Mongoose connected
[2022-02-27 10:15:58][[32minfo[39m] Redis connected
[2022-02-27 10:15:58][[32minfo[39m] Mongoose connected
[2022-02-27 10:16:34][[32minfo[39m] Redis connected
[2022-02-27 10:16:35][[32minfo[39m] Mongoose connected
[2022-02-27 10:18:10][[32minfo[39m] Redis connected
[2022-02-27 10:18:11][[32minfo[39m] Mongoose connected
[2022-02-27 11:49:53][[32minfo[39m] Mongoose connected
[2022-02-27 11:50:06][[32minfo[39m] Mongoose connected
[2022-02-27 12:24:16][[32minfo[39m] Redis connected
[2022-02-27 12:24:17][[32minfo[39m] Mongoose connected
[2022-02-27 12:36:17][[32minfo[39m] Redis connected
[2022-02-27 12:36:18][[32minfo[39m] Mongoose connected
[2022-02-27 12:37:25][[32minfo[39m] Redis connected
[2022-02-27 12:37:26][[32minfo[39m] Mongoose connected
[2022-02-27 12:38:19][[32minfo[39m] Redis connected
[2022-02-27 12:38:20][[32minfo[39m] Mongoose connected
[2022-02-27 12:41:20][[32minfo[39m] Mongoose connected
[2022-02-27 12:51:19][[32minfo[39m] Redis connected
[2022-02-27 12:51:20][[32minfo[39m] Mongoose connected
[2022-02-27 12:51:57][[32minfo[39m] Redis connected
[2022-02-27 12:51:57][[32minfo[39m] Mongoose connected
[2022-02-27 12:58:19][[32minfo[39m] Redis connected
[2022-02-27 12:58:19][[32minfo[39m] Mongoose connected
[2022-02-27 13:17:16][[32minfo[39m] Redis connected
[2022-02-27 13:17:17][[32minfo[39m] Mongoose connected
[2022-02-27 13:17:38][[32minfo[39m] Redis connected
[2022-02-27 13:17:39][[32minfo[39m] Mongoose connected
[2022-02-27 13:18:27][[32minfo[39m] Redis connected
[2022-02-27 13:18:28][[32minfo[39m] Mongoose connected
[2022-02-27 13:22:28][[32minfo[39m] Redis connected
[2022-02-27 13:22:29][[32minfo[39m] Mongoose connected
[2022-02-27 13:36:06][[32minfo[39m] Redis connected
[2022-02-27 13:36:06][[32minfo[39m] Mongoose connected
[2022-02-27 13:53:28][[32minfo[39m] Redis connected
[2022-02-27 13:53:28][[32minfo[39m] Mongoose connected
[2022-02-27 13:53:53][[32minfo[39m] Redis connected
[2022-02-27 13:53:54][[32minfo[39m] Mongoose connected
[2022-02-27 13:56:12][[32minfo[39m] Redis connected
[2022-02-27 13:56:13][[32minfo[39m] Mongoose connected
[2022-02-27 14:02:49][[32minfo[39m] Redis connected
[2022-02-27 14:02:49][[32minfo[39m] Mongoose connected
[2022-02-27 14:27:38][[32minfo[39m] Redis connected
[2022-02-27 14:27:38][[32minfo[39m] Mongoose connected
[2022-02-27 14:30:00][[32minfo[39m] Redis connected
[2022-02-27 14:36:15][[32minfo[39m] Redis connected
[2022-02-27 14:36:49][[32minfo[39m] Redis connected
[2022-02-27 14:37:25][[32minfo[39m] Redis connected
[2022-02-27 14:41:08][[32minfo[39m] Redis connected
[2022-02-27 14:42:30][[32minfo[39m] Redis connected
[2022-02-27 14:45:13][[32minfo[39m] Redis connected
[2022-02-27 14:50:27][[32minfo[39m] Redis connected
[2022-02-27 14:52:33][[32minfo[39m] Redis connected
[2022-02-27 14:54:09][[32minfo[39m] Redis connected
[2022-02-27 15:08:18][[32minfo[39m] Redis connected
[2022-02-27 15:08:51][[32minfo[39m] Redis connected
[2022-02-27 15:10:22][[32minfo[39m] Redis connected
[2022-02-27 15:11:13][[32minfo[39m] Redis connected
[2022-02-27 15:41:14][[32minfo[39m] Redis connected
[2022-02-27 15:41:52][[32minfo[39m] Redis connected
[2022-02-27 15:41:53][[32minfo[39m] Mongoose connected
[2022-02-27 16:17:15][[32minfo[39m] Mongoose connected
[2022-02-27 20:15:42][[32minfo[39m] Mongoose connected
[2022-02-28 22:49:32][[31merror[39m] Redis connection failed connect ECONNREFUSED 127.0.0.1:6379
{ "errno": -4078, "code": "ECONNREFUSED", "syscall": "connect", "address": "127.0.0.1", "port": 6379 }
Error: connect ECONNREFUSED 127.0.0.1:6379
    at TCPConnectWrap.afterConnect [as oncomplete] (node:net:1142:16)
[2022-02-28 22:49:34][[32minfo[39m] Mongoose connected
[2022-02-28 22:51:32][[32minfo[39m] GRAPHQL mutation LoginUserByFirebase($accessToken:String!){loginUserByFirebase(accessToken:$accessToken){user{id name}token}} - 200 - 1290.499 ms

[2022-02-28 22:52:20][[31merror[39m] Redis connection failed connect ECONNREFUSED 127.0.0.1:6379
{ "errno": -4078, "code": "ECONNREFUSED", "syscall": "connect", "address": "127.0.0.1", "port": 6379 }
Error: connect ECONNREFUSED 127.0.0.1:6379
    at TCPConnectWrap.afterConnect [as oncomplete] (node:net:1142:16)
[2022-02-28 22:52:58][[31merror[39m] Redis connection failed connect ECONNREFUSED 127.0.0.1:6379
{ "errno": -4078, "code": "ECONNREFUSED", "syscall": "connect", "address": "127.0.0.1", "port": 6379 }
Error: connect ECONNREFUSED 127.0.0.1:6379
    at TCPConnectWrap.afterConnect [as oncomplete] (node:net:1142:16)
[2022-02-28 22:54:24][[32minfo[39m] Redis connected
[2022-02-28 22:54:25][[32minfo[39m] Mongoose connected
[2022-02-28 22:54:40][[32minfo[39m] GRAPHQL mutation LoginUserByFirebase($accessToken:String!){loginUserByFirebase(accessToken:$accessToken){user{id name}token}} - 400 - 27.229 ms

[2022-02-28 22:55:42][[32minfo[39m] GRAPHQL mutation{loginUserByFirebase(accessToken:$accessToken){user{id name}token}} - 400 - 6.100 ms

[2022-02-28 22:56:25][[32minfo[39m] GRAPHQL mutation($accessToken:String!){loginUserByFirebase(accessToken:$accessToken){user{id name}token}} - 400 - 5.179 ms

[2022-02-28 22:56:29][[32minfo[39m] GRAPHQL mutation($accessToken:String){loginUserByFirebase(accessToken:$accessToken){user{id name}token}} - 400 - 3.421 ms

[2022-02-28 22:57:36][[32minfo[39m] GRAPHQL mutation($accesToken:String){loginUserByFirebase(accesToken:$accesToken){user{id name}token}} - 400 - 4.424 ms

[2022-02-28 22:57:37][[32minfo[39m] GRAPHQL mutation($accesToken:String){loginUserByFirebase(accesToken:$accesToken){user{id name}token}} - 400 - 2.614 ms

[2022-02-28 22:58:09][[32minfo[39m] Redis connected
[2022-02-28 22:58:10][[32minfo[39m] Mongoose connected
[2022-02-28 22:58:13][[32minfo[39m] GRAPHQL mutation($accesToken:String){loginUserByFirebase(accesToken:$accesToken){user{id name}token}} - 400 - 53.846 ms

[2022-02-28 22:58:14][[32minfo[39m] GRAPHQL mutation($accesToken:String){loginUserByFirebase(accesToken:$accesToken){user{id name}token}} - 400 - 4.734 ms

[2022-02-28 22:59:24][[32minfo[39m] GRAPHQL mutation($accessToken:String){loginUserByFirebase(accessToken:$accessToken){user{id name}token}} - 400 - 5.249 ms

[2022-02-28 22:59:25][[32minfo[39m] GRAPHQL mutation($accessToken:String){loginUserByFirebase(accessToken:$accessToken){user{id name}token}} - 400 - 4.052 ms

[2022-02-28 23:00:37][[32minfo[39m] Redis connected
[2022-02-28 23:00:38][[32minfo[39m] Mongoose connected
[2022-02-28 23:00:39][[32minfo[39m] GRAPHQL mutation($accessToken:String){loginUserByFirebase(accessToken:$accessToken){user{id name}token}} - 200 - 531.151 ms

[2022-02-28 23:05:25][[32minfo[39m] GRAPHQL query GetAllUser{getAllUser{data{id createAt updateAt username name email phone role}}} - 200 - 26.161 ms

[2022-02-28 23:05:41][[32minfo[39m] GRAPHQL query GetAllUser{getAllUser{data{id createAt updateAt username name email phone role}pagination{limit total}}} - 200 - 5.883 ms

[2022-02-28 23:07:19][[32minfo[39m] GRAPHQL query GetAllUser{getAllUser{data{id createAt updateAt username name email phone role}}} - 200 - 2.059 ms

[2022-02-28 23:07:19][[32minfo[39m] GRAPHQL query GetAllUser{getAllUser{data{id createAt updateAt username name email phone role}}} - 200 - 1.680 ms

[2022-02-28 23:07:20][[32minfo[39m] GRAPHQL query GetAllUser{getAllUser{data{id createAt updateAt username name email phone role}}} - 200 - 1.697 ms

[2022-02-28 23:08:59][[32minfo[39m] Redis connected
[2022-02-28 23:09:00][[32minfo[39m] Mongoose connected
[2022-02-28 23:09:02][[32minfo[39m] GRAPHQL query GetAllUser{getAllUser{data{id createAt updateAt username name email phone role}}} - 200 - 90.362 ms

[2022-03-01 09:08:11][[32minfo[39m] Mongoose connected
[2022-03-02 21:10:49][[31merror[39m] Redis connection failed connect ECONNREFUSED 127.0.0.1:6379
{ "errno": -4078, "code": "ECONNREFUSED", "syscall": "connect", "address": "127.0.0.1", "port": 6379 }
Error: connect ECONNREFUSED 127.0.0.1:6379
    at TCPConnectWrap.afterConnect [as oncomplete] (node:net:1142:16)
[2022-03-02 21:10:52][[32minfo[39m] Mongoose connected
[2022-03-02 21:40:17][[31merror[39m] Redis connection failed connect ECONNREFUSED 127.0.0.1:6379
{ "errno": -4078, "code": "ECONNREFUSED", "syscall": "connect", "address": "127.0.0.1", "port": 6379 }
Error: connect ECONNREFUSED 127.0.0.1:6379
    at TCPConnectWrap.afterConnect [as oncomplete] (node:net:1142:16)
[2022-03-02 21:40:18][[32minfo[39m] Mongoose connected
[2022-03-02 21:41:54][[31merror[39m] Redis connection failed connect ECONNREFUSED 127.0.0.1:6379
{ "errno": -4078, "code": "ECONNREFUSED", "syscall": "connect", "address": "127.0.0.1", "port": 6379 }
Error: connect ECONNREFUSED 127.0.0.1:6379
    at TCPConnectWrap.afterConnect [as oncomplete] (node:net:1142:16)
[2022-03-02 21:41:55][[32minfo[39m] Mongoose connected
[2022-03-02 21:49:22][[32minfo[39m] GRAPHQL mutation($accessToken:String){loginUserByFirebase(accessToken:$accessToken){user{id name}token}} - 200 - 1732.198 ms

[2022-03-02 21:49:42][[32minfo[39m] GRAPHQL query GetAllUser{getAllUser{data{id createAt updateAt username name email phone role}}} - 200 - 77.429 ms

[2022-03-02 21:50:31][[31merror[39m] Redis connection failed connect ECONNREFUSED 127.0.0.1:6379
{ "errno": -4078, "code": "ECONNREFUSED", "syscall": "connect", "address": "127.0.0.1", "port": 6379 }
Error: connect ECONNREFUSED 127.0.0.1:6379
    at TCPConnectWrap.afterConnect [as oncomplete] (node:net:1142:16)
[2022-03-02 21:50:32][[32minfo[39m] Mongoose connected
[2022-03-02 21:50:49][[31merror[39m] Redis connection failed connect ECONNREFUSED 127.0.0.1:6379
{ "errno": -4078, "code": "ECONNREFUSED", "syscall": "connect", "address": "127.0.0.1", "port": 6379 }
Error: connect ECONNREFUSED 127.0.0.1:6379
    at TCPConnectWrap.afterConnect [as oncomplete] (node:net:1142:16)
[2022-03-02 21:50:50][[32minfo[39m] Mongoose connected
[2022-03-02 21:51:31][[32minfo[39m] GRAPHQL mutation($accessToken:String){loginUserByFirebase(accessToken:$accessToken){user{id name}token}} - 200 - 479.459 ms

[2022-03-02 21:51:36][[32minfo[39m] GRAPHQL query GetAllUser{getAllUser{data{id createAt updateAt username name email phone role}}} - 200 - 83.927 ms

[2022-03-02 21:52:29][[32minfo[39m] GRAPHQL query($getOneUserId:ID!){getOneUser(id:$getOneUserId){id name email createAt updateAt username phone role}} - 400 - 40.137 ms

[2022-03-02 21:52:48][[32minfo[39m] GRAPHQL query($getOneUserId:ID!){getOneUser(id:$getOneUserId){id name email createAt updateAt username phone role}} - 200 - 6.346 ms

[2022-03-02 21:53:03][[32minfo[39m] GRAPHQL query($getOneUserId:ID!){getOneUser(id:$getOneUserId){id name email createAt updateAt username phone role}} - 400 - 2.004 ms

[2022-03-02 21:53:23][[32minfo[39m] GRAPHQL query($getOneUserId:ID!){getOneUser(id:$getOneUserId){id name email createAt updateAt username phone role}} - 200 - 78.428 ms

[2022-03-02 22:11:13][[31merror[39m] Redis connection failed connect ECONNREFUSED 127.0.0.1:6379
{ "errno": -4078, "code": "ECONNREFUSED", "syscall": "connect", "address": "127.0.0.1", "port": 6379 }
Error: connect ECONNREFUSED 127.0.0.1:6379
    at TCPConnectWrap.afterConnect [as oncomplete] (node:net:1142:16)
[2022-03-02 22:11:15][[32minfo[39m] Mongoose connected
[2022-03-02 22:17:25][[31merror[39m] Redis connection failed connect ECONNREFUSED 127.0.0.1:6379
{ "errno": -4078, "code": "ECONNREFUSED", "syscall": "connect", "address": "127.0.0.1", "port": 6379 }
Error: connect ECONNREFUSED 127.0.0.1:6379
    at TCPConnectWrap.afterConnect [as oncomplete] (node:net:1142:16)
[2022-03-02 22:17:26][[32minfo[39m] Mongoose connected
[2022-03-02 22:24:09][[31merror[39m] Redis connection failed connect ECONNREFUSED 127.0.0.1:6379
{ "errno": -4078, "code": "ECONNREFUSED", "syscall": "connect", "address": "127.0.0.1", "port": 6379 }
Error: connect ECONNREFUSED 127.0.0.1:6379
    at TCPConnectWrap.afterConnect [as oncomplete] (node:net:1142:16)
[2022-03-02 22:24:10][[32minfo[39m] Mongoose connected
[2022-03-02 22:51:59][[31merror[39m] Redis connection failed connect ECONNREFUSED 127.0.0.1:6379
{ "errno": -4078, "code": "ECONNREFUSED", "syscall": "connect", "address": "127.0.0.1", "port": 6379 }
Error: connect ECONNREFUSED 127.0.0.1:6379
    at TCPConnectWrap.afterConnect [as oncomplete] (node:net:1142:16)
[2022-03-02 22:52:00][[32minfo[39m] Mongoose connected
[2022-03-02 23:05:31][[31merror[39m] Redis connection failed connect ECONNREFUSED 127.0.0.1:6379
{ "errno": -4078, "code": "ECONNREFUSED", "syscall": "connect", "address": "127.0.0.1", "port": 6379 }
Error: connect ECONNREFUSED 127.0.0.1:6379
    at TCPConnectWrap.afterConnect [as oncomplete] (node:net:1142:16)
[2022-03-02 23:05:32][[32minfo[39m] Mongoose connected
[2022-03-02 23:05:44][[32minfo[39m] GRAPHQL query GetAllUser{getAllUser{data{id createAt updateAt username name email phone role}}} - 200 - 40.765 ms

[2022-03-02 23:06:00][[32minfo[39m] GRAPHQL query GetAllUser{getAllUser{data{id createAt updateAt username name email phone role}}} - 200 - 1.985 ms

[2022-03-02 23:06:02][[32minfo[39m] GRAPHQL query GetAllUser{getAllUser{data{id createAt updateAt username name email phone role}}} - 200 - 1.700 ms

[2022-03-02 23:06:03][[32minfo[39m] GRAPHQL query GetAllUser{getAllUser{data{id createAt updateAt username name email phone role}}} - 200 - 1.523 ms

[2022-03-02 23:06:03][[32minfo[39m] GRAPHQL query GetAllUser{getAllUser{data{id createAt updateAt username name email phone role}}} - 200 - 1.416 ms

[2022-03-02 23:06:11][[32minfo[39m] GRAPHQL mutation($accessToken:String){loginUserByFirebase(accessToken:$accessToken){user{id name}token}} - 200 - 387.096 ms

[2022-03-02 23:06:38][[32minfo[39m] GRAPHQL mutation($accessToken:String){loginUserByFirebase(accessToken:$accessToken){user{id name}token}} - 200 - 3.477 ms

[2022-03-02 23:06:52][[32minfo[39m] GRAPHQL mutation($accessToken:String){loginUserByFirebase(accessToken:$accessToken){user{id name}token}} - 200 - 2.184 ms

[2022-03-02 23:06:53][[32minfo[39m] GRAPHQL mutation($accessToken:String){loginUserByFirebase(accessToken:$accessToken){user{id name}token}} - 200 - 2.028 ms

[2022-03-02 23:06:54][[32minfo[39m] GRAPHQL mutation($accessToken:String){loginUserByFirebase(accessToken:$accessToken){user{id name}token}} - 200 - 2.281 ms

[2022-03-02 23:07:07][[32minfo[39m] GRAPHQL mutation($accessToken:String){loginUserByFirebase(accessToken:$accessToken){user{id name}token}} - 200 - 2.042 ms

[2022-03-02 23:08:45][[32minfo[39m] GRAPHQL mutation($accessToken:String){loginUserByFirebase(accessToken:$accessToken){user{id name}token}} - 200 - 2.261 ms

[2022-03-02 23:08:46][[32minfo[39m] GRAPHQL mutation($accessToken:String){loginUserByFirebase(accessToken:$accessToken){user{id name}token}} - 200 - 2.266 ms

[2022-03-02 23:10:55][[32minfo[39m] GRAPHQL mutation($accessToken:String){loginUserByFirebase(accessToken:$accessToken){user{id name}token}} - 200 - 2.541 ms

[2022-03-02 23:10:56][[32minfo[39m] GRAPHQL mutation($accessToken:String){loginUserByFirebase(accessToken:$accessToken){user{id name}token}} - 200 - 2.023 ms

[2022-03-02 23:10:57][[32minfo[39m] GRAPHQL mutation($accessToken:String){loginUserByFirebase(accessToken:$accessToken){user{id name}token}} - 200 - 3.075 ms

[2022-03-02 23:10:58][[32minfo[39m] GRAPHQL mutation($accessToken:String){loginUserByFirebase(accessToken:$accessToken){user{id name}token}} - 200 - 2.255 ms

[2022-03-02 23:11:22][[32minfo[39m] GRAPHQL query GetAllUser{getAllUser{data{id createAt updateAt username name email phone role}}} - 200 - 1.307 ms

[2022-03-02 23:11:23][[32minfo[39m] GRAPHQL query GetAllUser{getAllUser{data{id createAt updateAt username name email phone role}}} - 200 - 1.369 ms

[2022-03-02 23:11:31][[32minfo[39m] GRAPHQL mutation($accessToken:String){loginUserByFirebase(accessToken:$accessToken){user{id name}token}} - 200 - 1.983 ms

[2022-03-02 23:12:04][[32minfo[39m] GRAPHQL mutation($accessToken:String){loginUserByFirebase(accessToken:$accessToken){user{id name}token}} - 200 - 79.437 ms

[2022-03-02 23:12:10][[32minfo[39m] GRAPHQL mutation($accessToken:String){loginUserByFirebase(accessToken:$accessToken){user{id name}token}} - 200 - 61.972 ms

[2022-03-02 23:12:27][[32minfo[39m] GRAPHQL query GetAllUser{getAllUser{data{id createAt updateAt username name email phone role}}} - 200 - 1.252 ms

[2022-03-02 23:12:37][[32minfo[39m] GRAPHQL query GetAllUser{getAllUser{data{id createAt updateAt username name email phone role}}} - 200 - 1.341 ms

[2022-03-02 23:13:12][[32minfo[39m] GRAPHQL query GetAllUser{getAllUser{data{id createAt updateAt username name email phone role}}} - 200 - 1.530 ms

[2022-03-02 23:17:50][[32minfo[39m] GRAPHQL query GetAllUser{getAllUser{data{id createAt updateAt username name email phone role}}} - 200 - 1.899 ms

[2022-03-02 23:17:51][[32minfo[39m] GRAPHQL query GetAllUser{getAllUser{data{id createAt updateAt username name email phone role}}} - 200 - 1.386 ms

[2022-03-02 23:17:51][[32minfo[39m] GRAPHQL query GetAllUser{getAllUser{data{id createAt updateAt username name email phone role}}} - 200 - 1.466 ms

[2022-03-02 23:17:52][[32minfo[39m] GRAPHQL query GetAllUser{getAllUser{data{id createAt updateAt username name email phone role}}} - 200 - 1.431 ms

[2022-03-02 23:18:03][[32minfo[39m] GRAPHQL mutation($accessToken:String){loginUserByFirebase(accessToken:$accessToken){user{id name}token}} - 200 - 61.895 ms

[2022-03-02 23:18:12][[32minfo[39m] GRAPHQL query GetAllUser{getAllUser{data{id createAt updateAt username name email phone role}}} - 200 - 1.465 ms

[2022-03-02 23:18:47][[31merror[39m] Redis connection failed connect ECONNREFUSED 127.0.0.1:6379
{ "errno": -4078, "code": "ECONNREFUSED", "syscall": "connect", "address": "127.0.0.1", "port": 6379 }
Error: connect ECONNREFUSED 127.0.0.1:6379
    at TCPConnectWrap.afterConnect [as oncomplete] (node:net:1142:16)
[2022-03-02 23:18:48][[32minfo[39m] Mongoose connected
[2022-03-02 23:18:55][[32minfo[39m] GRAPHQL query GetAllUser{getAllUser{data{id createAt updateAt username name email phone role}}} - 200 - 81.064 ms

[2022-03-02 23:19:27][[31merror[39m] Redis connection failed connect ECONNREFUSED 127.0.0.1:6379
{ "errno": -4078, "code": "ECONNREFUSED", "syscall": "connect", "address": "127.0.0.1", "port": 6379 }
Error: connect ECONNREFUSED 127.0.0.1:6379
    at TCPConnectWrap.afterConnect [as oncomplete] (node:net:1142:16)
[2022-03-02 23:19:27][[32minfo[39m] Mongoose connected
[2022-03-02 23:20:29][[32minfo[39m] GRAPHQL query GetAllUser{getAllUser{data{id createAt updateAt username name email phone role}}} - 200 - 85.055 ms

[2022-03-02 23:20:30][[32minfo[39m] GRAPHQL query GetAllUser{getAllUser{data{id createAt updateAt username name email phone role}}} - 200 - 66.827 ms

[2022-03-02 23:20:40][[32minfo[39m] GRAPHQL mutation($accessToken:String){loginUserByFirebase(accessToken:$accessToken){user{id name}token}} - 200 - 461.265 ms

[2022-03-02 23:20:59][[32minfo[39m] GRAPHQL query GetAllUser{getAllUser{data{id createAt updateAt username name email phone role}}} - 200 - 66.784 ms

[2022-03-02 23:21:04][[32minfo[39m] GRAPHQL query GetAllUser{getAllUser{data{id createAt updateAt username name email phone role}}} - 200 - 19.088 ms

[2022-03-02 23:21:09][[32minfo[39m] GRAPHQL query GetAllUser{getAllUser{data{id createAt updateAt username name email phone role}}} - 200 - 76.148 ms

[2022-03-02 23:35:33][[31merror[39m] Redis connection failed connect ECONNREFUSED 127.0.0.1:6379
{ "errno": -4078, "code": "ECONNREFUSED", "syscall": "connect", "address": "127.0.0.1", "port": 6379 }
Error: connect ECONNREFUSED 127.0.0.1:6379
    at TCPConnectWrap.afterConnect [as oncomplete] (node:net:1142:16)
[2022-03-02 23:35:34][[32minfo[39m] Mongoose connected
[2022-03-02 23:53:33][[32minfo[39m] GRAPHQL mutation($accessToken:String){loginUserByFirebase(accessToken:$accessToken){user{id name}token}} - 200 - 415.933 ms

[2022-03-02 23:53:37][[32minfo[39m] GRAPHQL query GetAllUser{getAllUser{data{id createAt updateAt username name email phone role}}} - 200 - 23.206 ms

[2022-03-02 23:54:10][[32minfo[39m] GRAPHQL mutation($accessToken:String){loginUserByFirebase(accessToken:$accessToken){user{id name}token}} - 200 - 59.063 ms

[2022-03-02 23:54:23][[32minfo[39m] GRAPHQL query GetAllUser{getAllUser{data{id createAt updateAt username name email phone role}}} - 200 - 66.412 ms

[2022-03-03 00:13:16][[31merror[39m] Redis connection failed connect ECONNREFUSED 127.0.0.1:6379
{ "errno": -4078, "code": "ECONNREFUSED", "syscall": "connect", "address": "127.0.0.1", "port": 6379 }
Error: connect ECONNREFUSED 127.0.0.1:6379
    at TCPConnectWrap.afterConnect [as oncomplete] (node:net:1142:16)
[2022-03-03 00:13:17][[32minfo[39m] Mongoose connected
[2022-03-03 00:14:33][[31merror[39m] Redis connection failed connect ECONNREFUSED 127.0.0.1:6379
{ "errno": -4078, "code": "ECONNREFUSED", "syscall": "connect", "address": "127.0.0.1", "port": 6379 }
Error: connect ECONNREFUSED 127.0.0.1:6379
    at TCPConnectWrap.afterConnect [as oncomplete] (node:net:1142:16)
[2022-03-03 00:14:34][[32minfo[39m] Mongoose connected
[2022-03-03 00:34:31][[31merror[39m] Redis connection failed connect ECONNREFUSED 127.0.0.1:6379
{ "errno": -4078, "code": "ECONNREFUSED", "syscall": "connect", "address": "127.0.0.1", "port": 6379 }
Error: connect ECONNREFUSED 127.0.0.1:6379
    at TCPConnectWrap.afterConnect [as oncomplete] (node:net:1142:16)
[2022-03-03 00:34:32][[32minfo[39m] Mongoose connected
[2022-03-03 00:36:24][[31merror[39m] Redis connection failed connect ECONNREFUSED 127.0.0.1:6379
{ "errno": -4078, "code": "ECONNREFUSED", "syscall": "connect", "address": "127.0.0.1", "port": 6379 }
Error: connect ECONNREFUSED 127.0.0.1:6379
    at TCPConnectWrap.afterConnect [as oncomplete] (node:net:1142:16)
[2022-03-03 00:36:25][[32minfo[39m] Mongoose connected
[2022-03-03 08:52:17][[32minfo[39m] Mongoose connected
[2022-03-03 09:18:50][[31merror[39m] Redis connection failed connect ECONNREFUSED 127.0.0.1:6379
{ "errno": -4078, "code": "ECONNREFUSED", "syscall": "connect", "address": "127.0.0.1", "port": 6379 }
Error: connect ECONNREFUSED 127.0.0.1:6379
    at TCPConnectWrap.afterConnect [as oncomplete] (node:net:1142:16)
[2022-03-03 09:18:52][[32minfo[39m] Mongoose connected
[2022-03-03 09:25:26][[31merror[39m] Redis connection failed connect ECONNREFUSED 127.0.0.1:6379
{ "errno": -4078, "code": "ECONNREFUSED", "syscall": "connect", "address": "127.0.0.1", "port": 6379 }
Error: connect ECONNREFUSED 127.0.0.1:6379
    at TCPConnectWrap.afterConnect [as oncomplete] (node:net:1142:16)
[2022-03-03 09:25:27][[32minfo[39m] Mongoose connected
